{"C:\\Users\\Cliente\\Desktop\\Projetos\\Node.js\\app.js": {"path":"C:\\Users\\Cliente\\Desktop\\Projetos\\Node.js\\app.js","statementMap":{"0":{"start":{"line":1,"column":16},"end":{"line":1,"column":34}},"1":{"start":{"line":2,"column":29},"end":{"line":2,"column":57}},"2":{"start":{"line":3,"column":12},"end":{"line":3,"column":21}},"3":{"start":{"line":4,"column":0},"end":{"line":7,"column":3}},"4":{"start":{"line":5,"column":16},"end":{"line":5,"column":39}},"5":{"start":{"line":6,"column":1},"end":{"line":6,"column":44}},"6":{"start":{"line":8,"column":0},"end":{"line":8,"column":21}}},"fnMap":{"0":{"name":"(anonymous_0)","decl":{"start":{"line":4,"column":53},"end":{"line":4,"column":54}},"loc":{"start":{"line":4,"column":67},"end":{"line":7,"column":1}},"line":4}},"branchMap":{},"s":{"0":1,"1":1,"2":1,"3":1,"4":1,"5":1,"6":1},"f":{"0":1},"b":{},"_coverageSchema":"1a1c01bbd47fc00a2c39e90264f33305004495a9","hash":"3a2afa38fbed24b1978b4e16fbbc67319da9b901"}
,"C:\\Users\\Cliente\\Desktop\\Projetos\\Node.js\\validateDecimal.js": {"path":"C:\\Users\\Cliente\\Desktop\\Projetos\\Node.js\\validateDecimal.js","statementMap":{"0":{"start":{"line":1,"column":29},"end":{"line":8,"column":2}},"1":{"start":{"line":2,"column":17},"end":{"line":2,"column":49}},"2":{"start":{"line":3,"column":1},"end":{"line":5,"column":2}},"3":{"start":{"line":4,"column":1},"end":{"line":4,"column":67}},"4":{"start":{"line":6,"column":1},"end":{"line":6,"column":23}},"5":{"start":{"line":7,"column":1},"end":{"line":7,"column":8}},"6":{"start":{"line":9,"column":1},"end":{"line":9,"column":39}}},"fnMap":{"0":{"name":"(anonymous_0)","decl":{"start":{"line":1,"column":29},"end":{"line":1,"column":30}},"loc":{"start":{"line":1,"column":49},"end":{"line":8,"column":2}},"line":1}},"branchMap":{"0":{"loc":{"start":{"line":3,"column":1},"end":{"line":5,"column":2}},"type":"if","locations":[{"start":{"line":3,"column":1},"end":{"line":5,"column":2}},{"start":{},"end":{}}],"line":3}},"s":{"0":1,"1":2,"2":2,"3":1,"4":1,"5":1,"6":1},"f":{"0":2},"b":{"0":[1,1]},"_coverageSchema":"1a1c01bbd47fc00a2c39e90264f33305004495a9","hash":"38081740d9d9f7d43528c545db3f2c36030ee375"}
}
